<?xml version="1.0" encoding="UTF-8"?>
<!-- Generated by org.testng.reporters.JUnitXMLReporter -->
<testsuite ignored="0" hostname="ZSLAP093" failures="0" tests="3" name="Default test" time="23.497" errors="0" timestamp="2024-06-11T19:43:19 IST">
  <testcase classname="jenkinstest.BrowserTest" name="amzone" time="4.266"/>
  <testcase classname="jenkinstest.BrowserTest" name="flipkart" time="6.379"/>
  <testcase classname="jenkinstest.BrowserTest" name="snapDeal" time="12.798"/>
</testsuite> <!-- Default test -->
